
> afro-proj@0.1.0 build C:\Users\SAM\afroqueens\afro-proj
> prisma generate && next build

Environment variables loaded from .env
Prisma schema loaded from prisma\schema.prisma

✔ Generated Prisma Client (v5.22.0) to .\node_modules\.pnpm\@prisma+client@5.22.0_prisma@5.22.0\node_modules\@prisma\client in 650ms

Start by importing your Prisma Client (See: https://pris.ly/d/importing-client)

Tip: Easily identify and fix slow SQL queries in your app. Optimize helps you enhance your visibility: https://pris.ly/--optimize

▲ Next.js 16.1.1 (Turbopack)
- Environments: .env.local, .env

  Creating an optimized production build ...
✓ Compiled successfully in 35.3s
  Running TypeScript ...
Failed to compile.

./src/app/admin/layout.tsx:85:29
Type error: Type '{ id: string; role: UserRole; isActive: boolean; artistId?: string | undefined; artistStageName?: string | undefined; artistSlug?: string | undefined; } & User' is not assignable to type '{ id: string; name: string | null; email: string; role: UserRole; image: string | null; }'.
  Types of property 'name' are incompatible.
    Type 'string | null | undefined' is not assignable to type 'string | null'.
      Type 'undefined' is not assignable to type 'string | null'.

[0m [90m 83 |[39m
 [90m 84 |[39m   [90m// Pass the authenticated user to client layout[39m
[31m[1m>[22m[39m[90m 85 |[39m   [36mreturn[39m [33m<[39m[33mClientAdminLayout[39m user[33m=[39m{session[33m?[39m[33m.[39muser}[33m>[39m{children}[33m<[39m[33m/[39m[33mClientAdminLayout[39m[33m>[39m
 [90m    |[39m                             [31m[1m^[22m[39m
 [90m 86 |[39m }[0m
Next.js build worker exited with code: 1 and signal: null
 ELIFECYCLE  Command failed with exit code 1.
